[0.008s] Invoking command in '/home/eduardobarbosa/Documents/autonomous_fighting_robot/ros2/ws_robot/build/sensores_robot': CMAKE_PREFIX_PATH=${CMAKE_PREFIX_PATH}:/opt/ros/jazzy DEBUGINFOD_URLS=https://debuginfod.ubuntu.com /usr/bin/cmake --build /home/eduardobarbosa/Documents/autonomous_fighting_robot/ros2/ws_robot/build/sensores_robot -- -j20 -l20
[0.075s] [ 25%] [32mBuilding CXX object CMakeFiles/sensores_reflectancia_node.dir/src/sensores_reflectancia_node.cpp.o[0m
[0.077s] [ 50%] [32mBuilding CXX object CMakeFiles/sensores_distancia_node.dir/src/sensores_distancia_node.cpp.o[0m
[1.139s] [01m[K/home/eduardobarbosa/Documents/autonomous_fighting_robot/ros2/ws_robot/src/sensores_robot/src/sensores_reflectancia_node.cpp:[m[K In constructor â€˜[01m[KSensoresReflectancia::[01;32m[KSensoresReflectancia[m[K()[m[Kâ€™:
[1.139s] [01m[K/home/eduardobarbosa/Documents/autonomous_fighting_robot/ros2/ws_robot/src/sensores_robot/src/sensores_reflectancia_node.cpp:18:38:[m[K [01;31m[Kerror: [m[Kno matching function for call to â€˜[01m[Kstd::chrono::duration<long int>::duration(double)[m[Kâ€™
[1.139s]    18 |             std::chrono::seconds(0.05[01;31m[K)[m[K, std::bind(&SensoresReflectancia::timer_callback, this));
[1.139s]       |                                      [01;31m[K^[m[K
[1.139s] In file included from [01m[K/usr/include/c++/13/chrono:41[m[K,
[1.139s]                  from [01m[K/opt/ros/jazzy/include/rclcpp/rclcpp/utilities.hpp:18[m[K,
[1.140s]                  from [01m[K/opt/ros/jazzy/include/rclcpp/rclcpp/logging.hpp:25[m[K,
[1.140s]                  from [01m[K/opt/ros/jazzy/include/rclcpp/rclcpp/copy_all_parameter_values.hpp:27[m[K,
[1.140s]                  from [01m[K/opt/ros/jazzy/include/rclcpp/rclcpp/rclcpp.hpp:171[m[K,
[1.140s]                  from [01m[K/home/eduardobarbosa/Documents/autonomous_fighting_robot/ros2/ws_robot/src/sensores_robot/src/sensores_reflectancia_node.cpp:2[m[K:
[1.140s] [01m[K/usr/include/c++/13/bits/chrono.h:581:21:[m[K [01;36m[Knote: [m[Kcandidate: â€˜[01m[Ktemplate<class _Rep2, class _Period2, class> constexpr std::chrono::duration<_Rep, _Period>::[01;32m[Kduration[m[K(const std::chrono::duration<_Rep, _Period>&) [35m[K[with _Period2 = _Rep2; <template-parameter-2-3> = _Period2; _Rep = long int; _Period = std::ratio<1>][m[K[m[Kâ€™
[1.140s]   581 |           constexpr [01;36m[Kduration[m[K(const duration<_Rep2, _Period2>& __d)
[1.140s]       |                     [01;36m[K^~~~~~~~[m[K
[1.140s] [01m[K/usr/include/c++/13/bits/chrono.h:581:21:[m[K [01;36m[Knote: [m[K  template argument deduction/substitution failed:
[1.140s] [01m[K/home/eduardobarbosa/Documents/autonomous_fighting_robot/ros2/ws_robot/src/sensores_robot/src/sensores_reflectancia_node.cpp:18:38:[m[K [01;36m[Knote: [m[K  mismatched types â€˜[01m[Kconst std::chrono::duration<_Rep1, _Period1>[m[Kâ€™ and â€˜[01m[Kdouble[m[Kâ€™
[1.140s]    18 |             std::chrono::seconds(0.05[01;36m[K)[m[K, std::bind(&SensoresReflectancia::timer_callback, this));
[1.140s]       |                                      [01;36m[K^[m[K
[1.140s] [01m[K/usr/include/c++/13/bits/chrono.h:573:30:[m[K [01;36m[Knote: [m[Kcandidate: â€˜[01m[Ktemplate<class _Rep2, class> constexpr std::chrono::duration<_Rep, _Period>::[01;32m[Kduration[m[K(const _Rep2&) [35m[K[with <template-parameter-2-2> = _Rep2; _Rep = long int; _Period = std::ratio<1>][m[K[m[Kâ€™
[1.140s]   573 |           constexpr explicit [01;36m[Kduration[m[K(const _Rep2& __rep)
[1.140s]       |                              [01;36m[K^~~~~~~~[m[K
[1.140s] [01m[K/usr/include/c++/13/bits/chrono.h:573:30:[m[K [01;36m[Knote: [m[K  template argument deduction/substitution failed:
[1.140s] In file included from [01m[K/usr/include/c++/13/bits/move.h:37[m[K,
[1.140s]                  from [01m[K/usr/include/c++/13/bits/new_allocator.h:36[m[K,
[1.140s]                  from [01m[K/usr/include/x86_64-linux-gnu/c++/13/bits/c++allocator.h:33[m[K,
[1.140s]                  from [01m[K/usr/include/c++/13/bits/allocator.h:46[m[K,
[1.140s]                  from [01m[K/usr/include/c++/13/memory:65[m[K,
[1.140s]                  from [01m[K/opt/ros/jazzy/include/rclcpp/rclcpp/rclcpp.hpp:169[m[K:
[1.140s] /usr/include/c++/13/type_traits: In substitution of â€˜[01m[Ktemplate<bool _Cond, class _Tp> using std::__enable_if_t = typename std::enable_if::type [35m[K[with bool _Cond = false; _Tp = void][m[K[m[Kâ€™:
[1.140s] [01m[K/usr/include/c++/13/type_traits:2224:11:[m[K   required by substitution of â€˜[01m[Ktemplate<class ... _Cond> using std::_Require = std::__enable_if_t<std::__and_<_Bn>::value> [35m[K[with _Cond = {std::is_convertible<const double&, long int>, std::__or_<std::chrono::treat_as_floating_point<long int>, std::__not_<std::chrono::treat_as_floating_point<double> > >}][m[K[m[Kâ€™
[1.140s] [01m[K/usr/include/c++/13/bits/chrono.h:570:27:[m[K   required from here
[1.140s] [01m[K/usr/include/c++/13/type_traits:116:11:[m[K [01;31m[Kerror: [m[Kno type named â€˜[01m[Ktype[m[Kâ€™ in â€˜[01m[Kstruct std::enable_if<false, void>[m[Kâ€™
[1.140s]   116 |     using [01;31m[K__enable_if_t[m[K = typename enable_if<_Cond, _Tp>::type;
[1.140s]       |           [01;31m[K^~~~~~~~~~~~~[m[K
[1.140s] [01m[K/usr/include/c++/13/bits/chrono.h:566:9:[m[K [01;36m[Knote: [m[Kcandidate: â€˜[01m[Kconstexpr std::chrono::duration<_Rep, _Period>::[01;32m[Kduration[m[K(const std::chrono::duration<_Rep, _Period>&) [35m[K[with _Rep = long int; _Period = std::ratio<1>][m[K[m[Kâ€™
[1.140s]   566 |         [01;36m[Kduration[m[K(const duration&) = default;
[1.140s]       |         [01;36m[K^~~~~~~~[m[K
[1.141s] [01m[K/usr/include/c++/13/bits/chrono.h:566:18:[m[K [01;36m[Knote: [m[K  no known conversion for argument 1 from â€˜[01m[Kdouble[m[Kâ€™ to â€˜[01m[Kconst std::chrono::duration<long int>&[m[Kâ€™
[1.141s]   566 |         duration([01;36m[Kconst duration&[m[K) = default;
[1.141s]       |                  [01;36m[K^~~~~~~~~~~~~~~[m[K
[1.141s] [01m[K/usr/include/c++/13/bits/chrono.h:564:19:[m[K [01;36m[Knote: [m[Kcandidate: â€˜[01m[Kstd::chrono::duration<_Rep, _Period>::[01;32m[Kduration[m[K() [35m[K[with _Rep = long int; _Period = std::ratio<1>][m[K[m[Kâ€™
[1.141s]   564 |         constexpr [01;36m[Kduration[m[K() = default;
[1.141s]       |                   [01;36m[K^~~~~~~~[m[K
[1.141s] [01m[K/usr/include/c++/13/bits/chrono.h:564:19:[m[K [01;36m[Knote: [m[K  candidate expects 0 arguments, 1 provided
[1.141s] [01m[K/home/eduardobarbosa/Documents/autonomous_fighting_robot/ros2/ws_robot/src/sensores_robot/src/sensores_distancia_node.cpp:[m[K In constructor â€˜[01m[KSensoresDistancia::[01;32m[KSensoresDistancia[m[K()[m[Kâ€™:
[1.141s] [01m[K/home/eduardobarbosa/Documents/autonomous_fighting_robot/ros2/ws_robot/src/sensores_robot/src/sensores_distancia_node.cpp:18:38:[m[K [01;31m[Kerror: [m[Kno matching function for call to â€˜[01m[Kstd::chrono::duration<long int>::duration(double)[m[Kâ€™
[1.141s]    18 |             std::chrono::seconds(0.05[01;31m[K)[m[K, std::bind(&SensoresDistancia::timer_callback, this));
[1.141s]       |                                      [01;31m[K^[m[K
[1.141s] In file included from [01m[K/usr/include/c++/13/chrono:41[m[K,
[1.141s]                  from [01m[K/opt/ros/jazzy/include/rclcpp/rclcpp/utilities.hpp:18[m[K,
[1.141s]                  from [01m[K/opt/ros/jazzy/include/rclcpp/rclcpp/logging.hpp:25[m[K,
[1.141s]                  from [01m[K/opt/ros/jazzy/include/rclcpp/rclcpp/copy_all_parameter_values.hpp:27[m[K,
[1.141s]                  from [01m[K/opt/ros/jazzy/include/rclcpp/rclcpp/rclcpp.hpp:171[m[K,
[1.141s]                  from [01m[K/home/eduardobarbosa/Documents/autonomous_fighting_robot/ros2/ws_robot/src/sensores_robot/src/sensores_distancia_node.cpp:2[m[K:
[1.141s] [01m[K/usr/include/c++/13/bits/chrono.h:581:21:[m[K [01;36m[Knote: [m[Kcandidate: â€˜[01m[Ktemplate<class _Rep2, class _Period2, class> constexpr std::chrono::duration<_Rep, _Period>::[01;32m[Kduration[m[K(const std::chrono::duration<_Rep, _Period>&) [35m[K[with _Period2 = _Rep2; <template-parameter-2-3> = _Period2; _Rep = long int; _Period = std::ratio<1>][m[K[m[Kâ€™
[1.141s]   581 |           constexpr [01;36m[Kduration[m[K(const duration<_Rep2, _Period2>& __d)
[1.141s]       |                     [01;36m[K^~~~~~~~[m[K
[1.141s] [01m[K/usr/include/c++/13/bits/chrono.h:581:21:[m[K [01;36m[Knote: [m[K  template argument deduction/substitution failed:
[1.141s] [01m[K/home/eduardobarbosa/Documents/autonomous_fighting_robot/ros2/ws_robot/src/sensores_robot/src/sensores_distancia_node.cpp:18:38:[m[K [01;36m[Knote: [m[K  mismatched types â€˜[01m[Kconst std::chrono::duration<_Rep1, _Period1>[m[Kâ€™ and â€˜[01m[Kdouble[m[Kâ€™
[1.141s]    18 |             std::chrono::seconds(0.05[01;36m[K)[m[K, std::bind(&SensoresDistancia::timer_callback, this));
[1.141s]       |                                      [01;36m[K^[m[K
[1.141s] [01m[K/usr/include/c++/13/bits/chrono.h:573:30:[m[K [01;36m[Knote: [m[Kcandidate: â€˜[01m[Ktemplate<class _Rep2, class> constexpr std::chrono::duration<_Rep, _Period>::[01;32m[Kduration[m[K(const _Rep2&) [35m[K[with <template-parameter-2-2> = _Rep2; _Rep = long int; _Period = std::ratio<1>][m[K[m[Kâ€™
[1.141s]   573 |           constexpr explicit [01;36m[Kduration[m[K(const _Rep2& __rep)
[1.141s]       |                              [01;36m[K^~~~~~~~[m[K
[1.141s] [01m[K/usr/include/c++/13/bits/chrono.h:573:30:[m[K [01;36m[Knote: [m[K  template argument deduction/substitution failed:
[1.141s] In file included from [01m[K/usr/include/c++/13/bits/move.h:37[m[K,
[1.141s]                  from [01m[K/usr/include/c++/13/bits/new_allocator.h:36[m[K,
[1.141s]                  from [01m[K/usr/include/x86_64-linux-gnu/c++/13/bits/c++allocator.h:33[m[K,
[1.141s]                  from [01m[K/usr/include/c++/13/bits/allocator.h:46[m[K,
[1.141s]                  from [01m[K/usr/include/c++/13/memory:65[m[K,
[1.141s]                  from [01m[K/opt/ros/jazzy/include/rclcpp/rclcpp/rclcpp.hpp:169[m[K:
[1.141s] /usr/include/c++/13/type_traits: In substitution of â€˜[01m[Ktemplate<bool _Cond, class _Tp> using std::__enable_if_t = typename std::enable_if::type [35m[K[with bool _Cond = false; _Tp = void][m[K[m[Kâ€™:
[1.142s] [01m[K/usr/include/c++/13/type_traits:2224:11:[m[K   required by substitution of â€˜[01m[Ktemplate<class ... _Cond> using std::_Require = std::__enable_if_t<std::__and_<_Bn>::value> [35m[K[with _Cond = {std::is_convertible<const double&, long int>, std::__or_<std::chrono::treat_as_floating_point<long int>, std::__not_<std::chrono::treat_as_floating_point<double> > >}][m[K[m[Kâ€™
[1.142s] [01m[K/usr/include/c++/13/bits/chrono.h:570:27:[m[K   required from here
[1.142s] [01m[K/usr/include/c++/13/type_traits:116:11:[m[K [01;31m[Kerror: [m[Kno type named â€˜[01m[Ktype[m[Kâ€™ in â€˜[01m[Kstruct std::enable_if<false, void>[m[Kâ€™
[1.142s]   116 |     using [01;31m[K__enable_if_t[m[K = typename enable_if<_Cond, _Tp>::type;
[1.142s]       |           [01;31m[K^~~~~~~~~~~~~[m[K
[1.142s] [01m[K/usr/include/c++/13/bits/chrono.h:566:9:[m[K [01;36m[Knote: [m[Kcandidate: â€˜[01m[Kconstexpr std::chrono::duration<_Rep, _Period>::[01;32m[Kduration[m[K(const std::chrono::duration<_Rep, _Period>&) [35m[K[with _Rep = long int; _Period = std::ratio<1>][m[K[m[Kâ€™
[1.142s]   566 |         [01;36m[Kduration[m[K(const duration&) = default;
[1.142s]       |         [01;36m[K^~~~~~~~[m[K
[1.142s] [01m[K/usr/include/c++/13/bits/chrono.h:566:18:[m[K [01;36m[Knote: [m[K  no known conversion for argument 1 from â€˜[01m[Kdouble[m[Kâ€™ to â€˜[01m[Kconst std::chrono::duration<long int>&[m[Kâ€™
[1.142s]   566 |         duration([01;36m[Kconst duration&[m[K) = default;
[1.142s]       |                  [01;36m[K^~~~~~~~~~~~~~~[m[K
[1.142s] [01m[K/usr/include/c++/13/bits/chrono.h:564:19:[m[K [01;36m[Knote: [m[Kcandidate: â€˜[01m[Kstd::chrono::duration<_Rep, _Period>::[01;32m[Kduration[m[K() [35m[K[with _Rep = long int; _Period = std::ratio<1>][m[K[m[Kâ€™
[1.142s]   564 |         constexpr [01;36m[Kduration[m[K() = default;
[1.142s]       |                   [01;36m[K^~~~~~~~[m[K
[1.142s] [01m[K/usr/include/c++/13/bits/chrono.h:564:19:[m[K [01;36m[Knote: [m[K  candidate expects 0 arguments, 1 provided
[1.623s] gmake[2]: *** [CMakeFiles/sensores_distancia_node.dir/build.make:76: CMakeFiles/sensores_distancia_node.dir/src/sensores_distancia_node.cpp.o] Error 1
[1.623s] gmake[2]: *** [CMakeFiles/sensores_reflectancia_node.dir/build.make:76: CMakeFiles/sensores_reflectancia_node.dir/src/sensores_reflectancia_node.cpp.o] Error 1
[1.623s] gmake[1]: *** [CMakeFiles/Makefile2:139: CMakeFiles/sensores_distancia_node.dir/all] Error 2
[1.623s] gmake[1]: *** Waiting for unfinished jobs....
[1.623s] gmake[1]: *** [CMakeFiles/Makefile2:165: CMakeFiles/sensores_reflectancia_node.dir/all] Error 2
[1.623s] gmake: *** [Makefile:146: all] Error 2
[1.625s] Invoked command in '/home/eduardobarbosa/Documents/autonomous_fighting_robot/ros2/ws_robot/build/sensores_robot' returned '2': CMAKE_PREFIX_PATH=${CMAKE_PREFIX_PATH}:/opt/ros/jazzy DEBUGINFOD_URLS=https://debuginfod.ubuntu.com /usr/bin/cmake --build /home/eduardobarbosa/Documents/autonomous_fighting_robot/ros2/ws_robot/build/sensores_robot -- -j20 -l20
